2025-02-13 12:50:13 main INFO com.ui.listeners.TestListerner Test Suite Started 
2025-02-13 12:50:35 main INFO com.ui.listeners.TestListerner loginExcelTest 
2025-02-13 12:50:35 main INFO com.ui.listeners.TestListerner Verify login with valid user 
2025-02-13 12:50:35 main INFO com.ui.listeners.TestListerner [e2e, sanity] 
2025-02-13 12:50:39 main INFO com.ui.listeners.TestListerner loginExcelTest PASSED 
2025-02-13 12:50:51 main INFO com.ui.listeners.TestListerner loginExcelTest 
2025-02-13 12:50:51 main INFO com.ui.listeners.TestListerner Verify login with valid user 
2025-02-13 12:50:51 main INFO com.ui.listeners.TestListerner [e2e, sanity] 
2025-02-13 12:50:55 main WARN com.ui.listeners.TestListerner loginExcelTest SKIPPED 
2025-02-13 12:51:10 main INFO com.ui.listeners.TestListerner loginExcelTest 
2025-02-13 12:51:10 main INFO com.ui.listeners.TestListerner Verify login with valid user 
2025-02-13 12:51:10 main INFO com.ui.listeners.TestListerner [e2e, sanity] 
2025-02-13 12:51:14 main ERROR com.ui.listeners.TestListerner loginExcelTest FAILED 
2025-02-13 12:51:14 main ERROR com.ui.listeners.TestListerner no such element: Unable to locate element: {"method":"xpath","selector":"//a[@title="View my customer account"]/span"}
  (Session info: chrome=132.0.6834.196)
For documentation on this error, please visit: https://www.selenium.dev/documentation/webdriver/troubleshooting/errors#no-such-element-exception
Build info: version: '4.28.1', revision: '73f5ad48a2'
System info: os.name: 'Windows 11', os.arch: 'amd64', os.version: '10.0', java.version: '23'
Driver info: org.openqa.selenium.chrome.ChromeDriver
Command: [fbdd2f3e9ee158a6729786afa4d14338, findElement {using=xpath, value=//a[@title="View my customer account"]/span}]
Capabilities {acceptInsecureCerts: false, browserName: chrome, browserVersion: 132.0.6834.196, chrome: {chromedriverVersion: 132.0.6834.159 (2d77d3fc445..., userDataDir: C:\Users\HIRENP~1\AppData\L...}, fedcm:accounts: true, goog:chromeOptions: {debuggerAddress: localhost:54199}, networkConnectionEnabled: false, pageLoadStrategy: normal, platformName: windows, proxy: Proxy(), se:cdp: ws://localhost:54199/devtoo..., se:cdpVersion: 132.0.6834.196, setWindowRect: true, strictFileInteractability: false, timeouts: {implicit: 0, pageLoad: 300000, script: 30000}, unhandledPromptBehavior: dismiss and notify, webauthn:extension:credBlob: true, webauthn:extension:largeBlob: true, webauthn:extension:minPinLength: true, webauthn:extension:prf: true, webauthn:virtualAuthenticators: true}
Session ID: fbdd2f3e9ee158a6729786afa4d14338 
2025-02-13 12:51:14 main INFO com.ui.listeners.TestListerner Test Suite Completed 
